<?xml version="1.0" encoding="UTF-8"?>
<!-- Generated by org.testng.reporters.JUnitReportReporter -->
<testsuite hostname="DESKTOP-O33F1PV" failures="0" tests="5" name="testRunners.TestRunner" time="257.628" errors="0" timestamp="2024-10-15T22:08:02 BDT" skipped="0">
  <testcase classname="testRunners.TestRunner" name="runScenario" time="47.420"/>
  <testcase classname="testRunners.TestRunner" name="runScenario" time="48.322"/>
  <testcase classname="testRunners.TestRunner" name="runScenario" time="60.964"/>
  <testcase classname="testRunners.TestRunner" name="runScenario" time="75.244"/>
  <testcase classname="testRunners.TestRunner" name="runScenario" time="25.678"/>
</testsuite> <!-- testRunners.TestRunner -->
